<?xml version="1.0" encoding="UTF-8"?>
<coverage generated="1762644881304" clover="3.2.0">
  <project timestamp="1762644881304" name="All files">
    <metrics statements="72" coveredstatements="72" conditionals="43" coveredconditionals="43" methods="19" coveredmethods="19" elements="134" coveredelements="134" complexity="0" loc="72" ncloc="72" packages="2" files="2" classes="2"/>
    <package name="presentation.hooks">
      <metrics statements="7" coveredstatements="7" conditionals="2" coveredconditionals="2" methods="2" coveredmethods="2"/>
      <file name="useUserTier.ts" path="/Users/umituz/Desktop/Github/umituz/apps/npm-packages/react-native-premium/src/presentation/hooks/useUserTier.ts">
        <metrics statements="7" coveredstatements="7" conditionals="2" coveredconditionals="2" methods="2" coveredmethods="2"/>
        <line num="29" count="1" type="stmt"/>
        <line num="30" count="1" type="stmt"/>
        <line num="64" count="1" type="stmt"/>
        <line num="65" count="14" type="cond" truecount="2" falsecount="0"/>
        <line num="68" count="14" type="stmt"/>
        <line num="69" count="14" type="stmt"/>
        <line num="72" count="14" type="stmt"/>
      </file>
    </package>
    <package name="utils">
      <metrics statements="65" coveredstatements="65" conditionals="41" coveredconditionals="41" methods="17" coveredmethods="17"/>
      <file name="userTierUtils.ts" path="/Users/umituz/Desktop/Github/umituz/apps/npm-packages/react-native-premium/src/utils/userTierUtils.ts">
        <metrics statements="65" coveredstatements="65" conditionals="41" coveredconditionals="41" methods="17" coveredmethods="17"/>
        <line num="60" count="2" type="stmt"/>
        <line num="61" count="13" type="cond" truecount="3" falsecount="0"/>
        <line num="77" count="2" type="stmt"/>
        <line num="78" count="7" type="cond" truecount="3" falsecount="0"/>
        <line num="79" count="3" type="stmt"/>
        <line num="82" count="4" type="stmt"/>
        <line num="84" count="4" type="stmt"/>
        <line num="100" count="65" type="cond" truecount="3" falsecount="0"/>
        <line num="101" count="5" type="stmt"/>
        <line num="106" count="60" type="cond" truecount="3" falsecount="0"/>
        <line num="107" count="4" type="stmt"/>
        <line num="118" count="70" type="cond" truecount="1" falsecount="0"/>
        <line num="119" count="5" type="stmt"/>
        <line num="132" count="34" type="cond" truecount="1" falsecount="0"/>
        <line num="133" count="2" type="stmt"/>
        <line num="146" count="14" type="cond" truecount="3" falsecount="0"/>
        <line num="147" count="1" type="stmt"/>
        <line num="152" count="13" type="cond" truecount="1" falsecount="0"/>
        <line num="153" count="1" type="stmt"/>
        <line num="178" count="2" type="stmt"/>
        <line num="182" count="7" type="stmt"/>
        <line num="183" count="6" type="stmt"/>
        <line num="185" count="4" type="cond" truecount="2" falsecount="0"/>
        <line num="207" count="2" type="stmt"/>
        <line num="211" count="7" type="stmt"/>
        <line num="212" count="6" type="stmt"/>
        <line num="214" count="4" type="cond" truecount="2" falsecount="0"/>
        <line num="237" count="2" type="stmt"/>
        <line num="242" count="29" type="stmt"/>
        <line num="243" count="28" type="stmt"/>
        <line num="244" count="25" type="stmt"/>
        <line num="247" count="24" type="cond" truecount="3" falsecount="0"/>
        <line num="248" count="7" type="stmt"/>
        <line num="258" count="17" type="stmt"/>
        <line num="291" count="2" type="stmt"/>
        <line num="296" count="16" type="stmt"/>
        <line num="297" count="15" type="stmt"/>
        <line num="298" count="14" type="stmt"/>
        <line num="301" count="12" type="cond" truecount="3" falsecount="0"/>
        <line num="302" count="4" type="stmt"/>
        <line num="307" count="8" type="stmt"/>
        <line num="308" count="8" type="stmt"/>
        <line num="312" count="2" type="stmt"/>
        <line num="338" count="2" type="stmt"/>
        <line num="344" count="3" type="stmt"/>
        <line num="347" count="3" type="stmt"/>
        <line num="372" count="2" type="stmt"/>
        <line num="377" count="11" type="stmt"/>
        <line num="378" count="10" type="stmt"/>
        <line num="379" count="9" type="stmt"/>
        <line num="382" count="8" type="cond" truecount="3" falsecount="0"/>
        <line num="383" count="4" type="stmt"/>
        <line num="386" count="4" type="stmt"/>
        <line num="409" count="2" type="stmt"/>
        <line num="415" count="3" type="stmt"/>
        <line num="418" count="3" type="stmt"/>
        <line num="437" count="2" type="stmt"/>
        <line num="438" count="9" type="stmt"/>
        <line num="444" count="9" type="stmt"/>
        <line num="459" count="2" type="stmt"/>
        <line num="460" count="3" type="stmt"/>
        <line num="475" count="2" type="stmt"/>
        <line num="476" count="3" type="stmt"/>
        <line num="491" count="2" type="stmt"/>
        <line num="492" count="3" type="stmt"/>
      </file>
    </package>
  </project>
</coverage>
