{"/Users/umituz/Desktop/Github/umituz/apps/npm-packages/react-native-premium/src/presentation/hooks/useUserTier.ts": {"path":"/Users/umituz/Desktop/Github/umituz/apps/npm-packages/react-native-premium/src/presentation/hooks/useUserTier.ts","statementMap":{"0":{"start":{"line":64,"column":0},"end":{"line":64,"column":16}},"1":{"start":{"line":29,"column":0},"end":{"line":29,"column":32}},"2":{"start":{"line":30,"column":0},"end":{"line":30,"column":79}},"3":{"start":{"line":65,"column":74},"end":{"line":65,"column":80}},"4":{"start":{"line":68,"column":19},"end":{"line":70,"column":34}},"5":{"start":{"line":69,"column":4},"end":{"line":69,"column":55}},"6":{"start":{"line":72,"column":2},"end":{"line":76,"column":4}}},"fnMap":{"0":{"name":"useUserTier","decl":{"start":{"line":64,"column":16},"end":{"line":64,"column":27}},"loc":{"start":{"line":64,"column":53},"end":{"line":77,"column":1}}},"1":{"name":"(anonymous_1)","decl":{"start":{"line":68,"column":27},"end":{"line":68,"column":30}},"loc":{"start":{"line":68,"column":32},"end":{"line":70,"column":3}}}},"branchMap":{"0":{"loc":{"start":{"line":65,"column":38},"end":{"line":65,"column":55}},"type":"default-arg","locations":[{"start":{"line":65,"column":50},"end":{"line":65,"column":55}}]},"1":{"loc":{"start":{"line":65,"column":57},"end":{"line":65,"column":69}},"type":"default-arg","locations":[{"start":{"line":65,"column":65},"end":{"line":65,"column":69}}]}},"s":{"0":1,"1":1,"2":1,"3":14,"4":14,"5":14,"6":14},"f":{"0":14,"1":14},"b":{"0":[13],"1":[13]}}
,"/Users/umituz/Desktop/Github/umituz/apps/npm-packages/react-native-premium/src/utils/userTierUtils.ts": {"path":"/Users/umituz/Desktop/Github/umituz/apps/npm-packages/react-native-premium/src/utils/userTierUtils.ts","statementMap":{"0":{"start":{"line":60,"column":0},"end":{"line":60,"column":16}},"1":{"start":{"line":77,"column":0},"end":{"line":77,"column":16}},"2":{"start":{"line":178,"column":0},"end":{"line":178,"column":16}},"3":{"start":{"line":207,"column":0},"end":{"line":207,"column":16}},"4":{"start":{"line":237,"column":0},"end":{"line":237,"column":16}},"5":{"start":{"line":291,"column":0},"end":{"line":291,"column":7}},"6":{"start":{"line":338,"column":0},"end":{"line":338,"column":7}},"7":{"start":{"line":372,"column":0},"end":{"line":372,"column":16}},"8":{"start":{"line":409,"column":0},"end":{"line":409,"column":7}},"9":{"start":{"line":437,"column":0},"end":{"line":437,"column":16}},"10":{"start":{"line":459,"column":0},"end":{"line":459,"column":16}},"11":{"start":{"line":475,"column":0},"end":{"line":475,"column":16}},"12":{"start":{"line":491,"column":0},"end":{"line":491,"column":16}},"13":{"start":{"line":61,"column":2},"end":{"line":61,"column":74}},"14":{"start":{"line":78,"column":2},"end":{"line":80,"column":3}},"15":{"start":{"line":79,"column":4},"end":{"line":79,"column":17}},"16":{"start":{"line":82,"column":14},"end":{"line":82,"column":46}},"17":{"start":{"line":84,"column":2},"end":{"line":90,"column":4}},"18":{"start":{"line":100,"column":2},"end":{"line":104,"column":3}},"19":{"start":{"line":101,"column":4},"end":{"line":103,"column":6}},"20":{"start":{"line":106,"column":2},"end":{"line":108,"column":3}},"21":{"start":{"line":107,"column":4},"end":{"line":107,"column":66}},"22":{"start":{"line":118,"column":2},"end":{"line":122,"column":3}},"23":{"start":{"line":119,"column":4},"end":{"line":121,"column":6}},"24":{"start":{"line":132,"column":2},"end":{"line":136,"column":3}},"25":{"start":{"line":133,"column":4},"end":{"line":135,"column":6}},"26":{"start":{"line":146,"column":2},"end":{"line":150,"column":3}},"27":{"start":{"line":147,"column":4},"end":{"line":149,"column":6}},"28":{"start":{"line":152,"column":2},"end":{"line":156,"column":3}},"29":{"start":{"line":153,"column":4},"end":{"line":155,"column":6}},"30":{"start":{"line":182,"column":2},"end":{"line":182,"column":27}},"31":{"start":{"line":183,"column":2},"end":{"line":183,"column":25}},"32":{"start":{"line":185,"column":2},"end":{"line":185,"column":37}},"33":{"start":{"line":211,"column":2},"end":{"line":211,"column":31}},"34":{"start":{"line":212,"column":2},"end":{"line":212,"column":25}},"35":{"start":{"line":214,"column":2},"end":{"line":214,"column":40}},"36":{"start":{"line":242,"column":2},"end":{"line":242,"column":31}},"37":{"start":{"line":243,"column":2},"end":{"line":243,"column":25}},"38":{"start":{"line":244,"column":2},"end":{"line":244,"column":31}},"39":{"start":{"line":247,"column":2},"end":{"line":255,"column":3}},"40":{"start":{"line":248,"column":4},"end":{"line":254,"column":6}},"41":{"start":{"line":258,"column":2},"end":{"line":264,"column":4}},"42":{"start":{"line":296,"column":2},"end":{"line":296,"column":31}},"43":{"start":{"line":297,"column":2},"end":{"line":297,"column":25}},"44":{"start":{"line":298,"column":2},"end":{"line":298,"column":27}},"45":{"start":{"line":301,"column":2},"end":{"line":303,"column":3}},"46":{"start":{"line":302,"column":4},"end":{"line":302,"column":17}},"47":{"start":{"line":307,"column":2},"end":{"line":315,"column":3}},"48":{"start":{"line":308,"column":4},"end":{"line":308,"column":43}},"49":{"start":{"line":312,"column":4},"end":{"line":314,"column":6}},"50":{"start":{"line":344,"column":20},"end":{"line":344,"column":68}},"51":{"start":{"line":347,"column":2},"end":{"line":347,"column":57}},"52":{"start":{"line":377,"column":2},"end":{"line":377,"column":31}},"53":{"start":{"line":378,"column":2},"end":{"line":378,"column":25}},"54":{"start":{"line":379,"column":2},"end":{"line":379,"column":31}},"55":{"start":{"line":382,"column":2},"end":{"line":384,"column":3}},"56":{"start":{"line":383,"column":4},"end":{"line":383,"column":17}},"57":{"start":{"line":386,"column":2},"end":{"line":386,"column":19}},"58":{"start":{"line":415,"column":20},"end":{"line":415,"column":68}},"59":{"start":{"line":418,"column":2},"end":{"line":418,"column":60}},"60":{"start":{"line":438,"column":47},"end":{"line":442,"column":4}},"61":{"start":{"line":444,"column":2},"end":{"line":444,"column":48}},"62":{"start":{"line":460,"column":2},"end":{"line":460,"column":28}},"63":{"start":{"line":476,"column":2},"end":{"line":476,"column":29}},"64":{"start":{"line":492,"column":2},"end":{"line":492,"column":26}}},"fnMap":{"0":{"name":"isValidUserTier","decl":{"start":{"line":60,"column":16},"end":{"line":60,"column":31}},"loc":{"start":{"line":60,"column":46},"end":{"line":62,"column":1}}},"1":{"name":"isUserTierInfo","decl":{"start":{"line":77,"column":16},"end":{"line":77,"column":30}},"loc":{"start":{"line":77,"column":45},"end":{"line":91,"column":1}}},"2":{"name":"validateUserId","decl":{"start":{"line":99,"column":9},"end":{"line":99,"column":23}},"loc":{"start":{"line":99,"column":45},"end":{"line":109,"column":1}}},"3":{"name":"validateIsGuest","decl":{"start":{"line":117,"column":9},"end":{"line":117,"column":24}},"loc":{"start":{"line":117,"column":41},"end":{"line":123,"column":1}}},"4":{"name":"validateIsPremium","decl":{"start":{"line":131,"column":9},"end":{"line":131,"column":26}},"loc":{"start":{"line":131,"column":45},"end":{"line":137,"column":1}}},"5":{"name":"validateFetcher","decl":{"start":{"line":145,"column":9},"end":{"line":145,"column":24}},"loc":{"start":{"line":145,"column":54},"end":{"line":157,"column":1}}},"6":{"name":"isAuthenticated","decl":{"start":{"line":178,"column":16},"end":{"line":178,"column":31}},"loc":{"start":{"line":180,"column":23},"end":{"line":186,"column":1}}},"7":{"name":"isGuest","decl":{"start":{"line":207,"column":16},"end":{"line":207,"column":23}},"loc":{"start":{"line":209,"column":23},"end":{"line":215,"column":1}}},"8":{"name":"getUserTierInfo","decl":{"start":{"line":237,"column":16},"end":{"line":237,"column":31}},"loc":{"start":{"line":240,"column":20},"end":{"line":265,"column":1}}},"9":{"name":"getIsPremium","decl":{"start":{"line":291,"column":22},"end":{"line":291,"column":34}},"loc":{"start":{"line":294,"column":31},"end":{"line":316,"column":1}}},"10":{"name":"getUserTierInfoAsync","decl":{"start":{"line":338,"column":22},"end":{"line":338,"column":42}},"loc":{"start":{"line":341,"column":31},"end":{"line":348,"column":1}}},"11":{"name":"checkPremiumAccess","decl":{"start":{"line":372,"column":16},"end":{"line":372,"column":34}},"loc":{"start":{"line":375,"column":20},"end":{"line":387,"column":1}}},"12":{"name":"checkPremiumAccessAsync","decl":{"start":{"line":409,"column":22},"end":{"line":409,"column":45}},"loc":{"start":{"line":412,"column":31},"end":{"line":419,"column":1}}},"13":{"name":"hasTierAccess","decl":{"start":{"line":437,"column":16},"end":{"line":437,"column":29}},"loc":{"start":{"line":437,"column":62},"end":{"line":445,"column":1}}},"14":{"name":"isTierPremium","decl":{"start":{"line":459,"column":16},"end":{"line":459,"column":29}},"loc":{"start":{"line":459,"column":44},"end":{"line":461,"column":1}}},"15":{"name":"isTierFreemium","decl":{"start":{"line":475,"column":16},"end":{"line":475,"column":30}},"loc":{"start":{"line":475,"column":45},"end":{"line":477,"column":1}}},"16":{"name":"isTierGuest","decl":{"start":{"line":491,"column":16},"end":{"line":491,"column":27}},"loc":{"start":{"line":491,"column":42},"end":{"line":493,"column":1}}}},"branchMap":{"0":{"loc":{"start":{"line":61,"column":9},"end":{"line":61,"column":73}},"type":"binary-expr","locations":[{"start":{"line":61,"column":9},"end":{"line":61,"column":26}},{"start":{"line":61,"column":30},"end":{"line":61,"column":50}},{"start":{"line":61,"column":54},"end":{"line":61,"column":73}}]},"1":{"loc":{"start":{"line":78,"column":2},"end":{"line":80,"column":3}},"type":"if","locations":[{"start":{"line":78,"column":2},"end":{"line":80,"column":3}}]},"2":{"loc":{"start":{"line":78,"column":6},"end":{"line":78,"column":49}},"type":"binary-expr","locations":[{"start":{"line":78,"column":6},"end":{"line":78,"column":31}},{"start":{"line":78,"column":35},"end":{"line":78,"column":49}}]},"3":{"loc":{"start":{"line":85,"column":4},"end":{"line":89,"column":59}},"type":"binary-expr","locations":[{"start":{"line":85,"column":4},"end":{"line":85,"column":29}},{"start":{"line":86,"column":4},"end":{"line":86,"column":38}},{"start":{"line":87,"column":4},"end":{"line":87,"column":36}},{"start":{"line":88,"column":4},"end":{"line":88,"column":44}},{"start":{"line":89,"column":5},"end":{"line":89,"column":24}},{"start":{"line":89,"column":28},"end":{"line":89,"column":58}}]},"4":{"loc":{"start":{"line":100,"column":2},"end":{"line":104,"column":3}},"type":"if","locations":[{"start":{"line":100,"column":2},"end":{"line":104,"column":3}}]},"5":{"loc":{"start":{"line":100,"column":6},"end":{"line":100,"column":51}},"type":"binary-expr","locations":[{"start":{"line":100,"column":6},"end":{"line":100,"column":21}},{"start":{"line":100,"column":25},"end":{"line":100,"column":51}}]},"6":{"loc":{"start":{"line":106,"column":2},"end":{"line":108,"column":3}},"type":"if","locations":[{"start":{"line":106,"column":2},"end":{"line":108,"column":3}}]},"7":{"loc":{"start":{"line":106,"column":6},"end":{"line":106,"column":45}},"type":"binary-expr","locations":[{"start":{"line":106,"column":6},"end":{"line":106,"column":21}},{"start":{"line":106,"column":25},"end":{"line":106,"column":45}}]},"8":{"loc":{"start":{"line":118,"column":2},"end":{"line":122,"column":3}},"type":"if","locations":[{"start":{"line":118,"column":2},"end":{"line":122,"column":3}}]},"9":{"loc":{"start":{"line":132,"column":2},"end":{"line":136,"column":3}},"type":"if","locations":[{"start":{"line":132,"column":2},"end":{"line":136,"column":3}}]},"10":{"loc":{"start":{"line":146,"column":2},"end":{"line":150,"column":3}},"type":"if","locations":[{"start":{"line":146,"column":2},"end":{"line":150,"column":3}}]},"11":{"loc":{"start":{"line":146,"column":6},"end":{"line":146,"column":53}},"type":"binary-expr","locations":[{"start":{"line":146,"column":6},"end":{"line":146,"column":33}},{"start":{"line":146,"column":37},"end":{"line":146,"column":53}}]},"12":{"loc":{"start":{"line":152,"column":2},"end":{"line":156,"column":3}},"type":"if","locations":[{"start":{"line":152,"column":2},"end":{"line":156,"column":3}}]},"13":{"loc":{"start":{"line":185,"column":9},"end":{"line":185,"column":36}},"type":"binary-expr","locations":[{"start":{"line":185,"column":9},"end":{"line":185,"column":17}},{"start":{"line":185,"column":21},"end":{"line":185,"column":36}}]},"14":{"loc":{"start":{"line":214,"column":9},"end":{"line":214,"column":39}},"type":"binary-expr","locations":[{"start":{"line":214,"column":9},"end":{"line":214,"column":20}},{"start":{"line":214,"column":24},"end":{"line":214,"column":39}}]},"15":{"loc":{"start":{"line":247,"column":2},"end":{"line":255,"column":3}},"type":"if","locations":[{"start":{"line":247,"column":2},"end":{"line":255,"column":3}}]},"16":{"loc":{"start":{"line":247,"column":6},"end":{"line":247,"column":36}},"type":"binary-expr","locations":[{"start":{"line":247,"column":6},"end":{"line":247,"column":17}},{"start":{"line":247,"column":21},"end":{"line":247,"column":36}}]},"17":{"loc":{"start":{"line":259,"column":10},"end":{"line":259,"column":44}},"type":"cond-expr","locations":[{"start":{"line":259,"column":22},"end":{"line":259,"column":31}},{"start":{"line":259,"column":34},"end":{"line":259,"column":44}}]},"18":{"loc":{"start":{"line":301,"column":2},"end":{"line":303,"column":3}},"type":"if","locations":[{"start":{"line":301,"column":2},"end":{"line":303,"column":3}}]},"19":{"loc":{"start":{"line":301,"column":6},"end":{"line":301,"column":36}},"type":"binary-expr","locations":[{"start":{"line":301,"column":6},"end":{"line":301,"column":17}},{"start":{"line":301,"column":21},"end":{"line":301,"column":36}}]},"20":{"loc":{"start":{"line":313,"column":41},"end":{"line":313,"column":95}},"type":"cond-expr","locations":[{"start":{"line":313,"column":66},"end":{"line":313,"column":79}},{"start":{"line":313,"column":82},"end":{"line":313,"column":95}}]},"21":{"loc":{"start":{"line":382,"column":2},"end":{"line":384,"column":3}},"type":"if","locations":[{"start":{"line":382,"column":2},"end":{"line":384,"column":3}}]},"22":{"loc":{"start":{"line":382,"column":6},"end":{"line":382,"column":36}},"type":"binary-expr","locations":[{"start":{"line":382,"column":6},"end":{"line":382,"column":17}},{"start":{"line":382,"column":21},"end":{"line":382,"column":36}}]}},"s":{"0":2,"1":2,"2":2,"3":2,"4":2,"5":2,"6":2,"7":2,"8":2,"9":2,"10":2,"11":2,"12":2,"13":13,"14":7,"15":3,"16":4,"17":4,"18":65,"19":5,"20":60,"21":4,"22":70,"23":5,"24":34,"25":2,"26":14,"27":1,"28":13,"29":1,"30":7,"31":6,"32":4,"33":7,"34":6,"35":4,"36":29,"37":28,"38":25,"39":24,"40":7,"41":17,"42":16,"43":15,"44":14,"45":12,"46":4,"47":8,"48":8,"49":2,"50":3,"51":3,"52":11,"53":10,"54":9,"55":8,"56":4,"57":4,"58":3,"59":3,"60":9,"61":9,"62":3,"63":3,"64":3},"f":{"0":13,"1":7,"2":65,"3":70,"4":34,"5":14,"6":7,"7":7,"8":29,"9":16,"10":3,"11":11,"12":3,"13":9,"14":3,"15":3,"16":3},"b":{"0":[13,12,11],"1":[3],"2":[7,5],"3":[4,2,1,1,1,1],"4":[5],"5":[65,42],"6":[4],"7":[60,37],"8":[5],"9":[2],"10":[1],"11":[14,14],"12":[1],"13":[4,2],"14":[4,2],"15":[7],"16":[24,18],"17":[8,9],"18":[4],"19":[12,9],"20":[1,1],"21":[4],"22":[8,5]}}
}
