TN:
SF:src/presentation/hooks/useUserTier.ts
FN:64,useUserTier
FN:68,(anonymous_1)
FNF:2
FNH:2
FNDA:14,useUserTier
FNDA:14,(anonymous_1)
DA:29,1
DA:30,1
DA:64,1
DA:65,14
DA:68,14
DA:69,14
DA:72,14
LF:7
LH:7
BRDA:65,0,0,13
BRDA:65,1,0,13
BRF:2
BRH:2
end_of_record
TN:
SF:src/utils/userTierUtils.ts
FN:60,isValidUserTier
FN:77,isUserTierInfo
FN:99,validateUserId
FN:117,validateIsGuest
FN:131,validateIsPremium
FN:145,validateFetcher
FN:178,isAuthenticated
FN:207,isGuest
FN:237,getUserTierInfo
FN:291,getIsPremium
FN:338,getUserTierInfoAsync
FN:372,checkPremiumAccess
FN:409,checkPremiumAccessAsync
FN:437,hasTierAccess
FN:459,isTierPremium
FN:475,isTierFreemium
FN:491,isTierGuest
FNF:17
FNH:17
FNDA:13,isValidUserTier
FNDA:7,isUserTierInfo
FNDA:65,validateUserId
FNDA:70,validateIsGuest
FNDA:34,validateIsPremium
FNDA:14,validateFetcher
FNDA:7,isAuthenticated
FNDA:7,isGuest
FNDA:29,getUserTierInfo
FNDA:16,getIsPremium
FNDA:3,getUserTierInfoAsync
FNDA:11,checkPremiumAccess
FNDA:3,checkPremiumAccessAsync
FNDA:9,hasTierAccess
FNDA:3,isTierPremium
FNDA:3,isTierFreemium
FNDA:3,isTierGuest
DA:60,2
DA:61,13
DA:77,2
DA:78,7
DA:79,3
DA:82,4
DA:84,4
DA:100,65
DA:101,5
DA:106,60
DA:107,4
DA:118,70
DA:119,5
DA:132,34
DA:133,2
DA:146,14
DA:147,1
DA:152,13
DA:153,1
DA:178,2
DA:182,7
DA:183,6
DA:185,4
DA:207,2
DA:211,7
DA:212,6
DA:214,4
DA:237,2
DA:242,29
DA:243,28
DA:244,25
DA:247,24
DA:248,7
DA:258,17
DA:291,2
DA:296,16
DA:297,15
DA:298,14
DA:301,12
DA:302,4
DA:307,8
DA:308,8
DA:312,2
DA:338,2
DA:344,3
DA:347,3
DA:372,2
DA:377,11
DA:378,10
DA:379,9
DA:382,8
DA:383,4
DA:386,4
DA:409,2
DA:415,3
DA:418,3
DA:437,2
DA:438,9
DA:444,9
DA:459,2
DA:460,3
DA:475,2
DA:476,3
DA:491,2
DA:492,3
LF:65
LH:65
BRDA:61,0,0,13
BRDA:61,0,1,12
BRDA:61,0,2,11
BRDA:78,1,0,3
BRDA:78,2,0,7
BRDA:78,2,1,5
BRDA:85,3,0,4
BRDA:85,3,1,2
BRDA:85,3,2,1
BRDA:85,3,3,1
BRDA:85,3,4,1
BRDA:85,3,5,1
BRDA:100,4,0,5
BRDA:100,5,0,65
BRDA:100,5,1,42
BRDA:106,6,0,4
BRDA:106,7,0,60
BRDA:106,7,1,37
BRDA:118,8,0,5
BRDA:132,9,0,2
BRDA:146,10,0,1
BRDA:146,11,0,14
BRDA:146,11,1,14
BRDA:152,12,0,1
BRDA:185,13,0,4
BRDA:185,13,1,2
BRDA:214,14,0,4
BRDA:214,14,1,2
BRDA:247,15,0,7
BRDA:247,16,0,24
BRDA:247,16,1,18
BRDA:259,17,0,8
BRDA:259,17,1,9
BRDA:301,18,0,4
BRDA:301,19,0,12
BRDA:301,19,1,9
BRDA:313,20,0,1
BRDA:313,20,1,1
BRDA:382,21,0,4
BRDA:382,22,0,8
BRDA:382,22,1,5
BRF:41
BRH:41
end_of_record
